Wed, 05 Mar 2014 00:49:19 +0200
	Error: 2 in file /home/cubie/web/www/bibena.com/mavr/model/display/display.php on line 236 with message "include(null): failed to open stream: No such file or directory"
Wed, 05 Mar 2014 00:49:19 +0200
	Error: 2 in file /home/cubie/web/www/bibena.com/mavr/model/display/display.php on line 236 with message "include(): Failed opening 'null' for inclusion (include_path='.:/usr/share/php:/usr/share/pear')"
Wed, 05 Mar 2014 00:50:10 +0200
	Error: 2 in file /home/cubie/web/www/bibena.com/mavr/model/display/display.php on line 236 with message "include(null): failed to open stream: No such file or directory"
Wed, 05 Mar 2014 00:50:10 +0200
	Error: 2 in file /home/cubie/web/www/bibena.com/mavr/model/display/display.php on line 236 with message "include(): Failed opening 'null' for inclusion (include_path='.:/usr/share/php:/usr/share/pear')"
Wed, 05 Mar 2014 01:00:03 +0200
	Error: 2 in file /home/cubie/web/www/bibena.com/mavr/model/display/display.php on line 236 with message "include(null): failed to open stream: No such file or directory"
Wed, 05 Mar 2014 01:00:03 +0200
	Error: 2 in file /home/cubie/web/www/bibena.com/mavr/model/display/display.php on line 236 with message "include(): Failed opening 'null' for inclusion (include_path='.:/usr/share/php:/usr/share/pear')"
Wed, 05 Mar 2014 01:00:51 +0200
	Error: 2 in file /home/cubie/web/www/bibena.com/mavr/model/display/display.php on line 236 with message "require(null): failed to open stream: No such file or directory"
Wed, 05 Mar 2014 01:02:47 +0200
	Error: 2 in file /home/cubie/web/www/bibena.com/mavr/model/display/display.php on line 238 with message "require(null): failed to open stream: No such file or directory"
Wed, 05 Mar 2014 01:30:19 +0200
	Error: 8 in file /home/cubie/web/www/bibena.com/mavr/view/page/error.html on line 3 with message "Undefined index: last_error"
Wed, 05 Mar 2014 01:31:23 +0200
	Error: 8 in file /home/cubie/web/www/bibena.com/mavr/view/page/error.html on line 3 with message "Undefined index: last_error"
Wed, 05 Mar 2014 01:31:35 +0200
	Error: 8 in file /home/cubie/web/www/bibena.com/mavr/view/page/error.html on line 3 with message "Undefined index: last_error"
Wed, 05 Mar 2014 01:32:33 +0200
	Error: 8 in file /home/cubie/web/www/bibena.com/mavr/view/page/error.html on line 3 with message "Undefined index: last_error"
Wed, 05 Mar 2014 01:32:33 +0200
	Error: 8 in file /home/cubie/web/www/bibena.com/mavr/view/page/error.html on line 3 with message "Undefined index: last_error"
Wed, 05 Mar 2014 01:33:09 +0200
	Error: 8 in file /home/cubie/web/www/bibena.com/mavr/view/page/error.html on line 3 with message "Undefined index: last_error"
Wed, 05 Mar 2014 01:33:09 +0200
	Error: 8 in file /home/cubie/web/www/bibena.com/mavr/view/page/error.html on line 3 with message "Undefined index: last_error"
Wed, 05 Mar 2014 01:33:24 +0200
	Error: 8 in file /home/cubie/web/www/bibena.com/mavr/view/page/error.html on line 3 with message "Undefined index: last_error"
Wed, 05 Mar 2014 01:33:24 +0200
	Error: 8 in file /home/cubie/web/www/bibena.com/mavr/view/page/error.html on line 3 with message "Undefined index: last_error"
Wed, 05 Mar 2014 01:36:23 +0200
	Error: 8 in file /home/cubie/web/www/bibena.com/mavr/view/page/error.html on line 3 with message "Undefined index: lastr"
Wed, 05 Mar 2014 01:36:32 +0200
	Error: 8 in file /home/cubie/web/www/bibena.com/mavr/view/page/error.html on line 3 with message "Undefined index: lastr"
Wed, 05 Mar 2014 01:37:00 +0200
	Error: 8 in file /home/cubie/web/www/bibena.com/mavr/view/page/error.html on line 3 with message "Undefined index: lastr"
Wed, 05 Mar 2014 01:37:51 +0200
	Error: 8 in file /home/cubie/web/www/bibena.com/mavr/view/page/error.html on line 3 with message "Undefined index: lastr"
Wed, 05 Mar 2014 01:43:41 +0200
	Error: 8 in file /home/cubie/web/www/bibena.com/mavr/view/page/error.html on line 3 with message "Undefined index: last_error"
Wed, 05 Mar 2014 01:43:41 +0200
	Error: 8 in file /home/cubie/web/www/bibena.com/mavr/view/page/error.html on line 3 with message "Undefined index: last_error"
Wed, 05 Mar 2014 01:46:20 +0200
	Error: 8 in file /home/cubie/web/www/bibena.com/mavr/view/page/error.html on line 3 with message "Undefined index: last_error"
Wed, 05 Mar 2014 01:51:41 +0200
	Error: 8 in file /home/cubie/web/www/bibena.com/mavr/view/page/error.html on line 3 with message "Undefined index: error_message"
Wed, 05 Mar 2014 01:51:41 +0200
	Error: 8 in file /home/cubie/web/www/bibena.com/mavr/view/page/error.html on line 3 with message "Undefined index: error_message"
Wed, 05 Mar 2014 01:51:41 +0200
	Error: 8 in file /home/cubie/web/www/bibena.com/mavr/view/page/error.html on line 3 with message "Undefined index: error_message"
Wed, 05 Mar 2014 01:52:43 +0200
	Error: 2 in file /home/cubie/web/www/bibena.com/mavr/init/redirect/redirect.php on line 121 with message "Cannot modify header information - headers already sent by (output started at /home/cubie/web/www/bibena.com/mavr/view/view.php:69)"
Wed, 05 Mar 2014 01:53:25 +0200
	Error: 2 in file /home/cubie/web/www/bibena.com/mavr/init/redirect/redirect.php on line 121 with message "Cannot modify header information - headers already sent by (output started at /home/cubie/web/www/bibena.com/mavr/view/view.php:69)"
Wed, 05 Mar 2014 02:29:07 +0200
	Error: 8 in file /home/cubie/web/www/bibena.com/mavr/model/page/page.php on line 70 with message "Undefined variable: rr"
Wed, 05 Mar 2014 02:29:07 +0200
	Error: 8 in file /home/cubie/web/www/bibena.com/mavr/model/page/page.php on line 70 with message "Undefined variable: rr"
Wed, 05 Mar 2014 02:29:07 +0200
	Error: 8 in file /home/cubie/web/www/bibena.com/mavr/model/page/page.php on line 70 with message "Undefined variable: rr"
Wed, 05 Mar 2014 02:29:28 +0200
	Error: 8 in file /home/cubie/web/www/bibena.com/mavr/model/page/page.php on line 70 with message "Undefined variable: rr"
Wed, 05 Mar 2014 02:29:28 +0200
	Error: 8 in file /home/cubie/web/www/bibena.com/mavr/model/page/page.php on line 70 with message "Undefined variable: rr"
Wed, 05 Mar 2014 02:29:28 +0200
	Error: 8 in file /home/cubie/web/www/bibena.com/mavr/model/page/page.php on line 70 with message "Undefined variable: rr"
Wed, 05 Mar 2014 02:32:52 +0200
	Error: 8 in file /home/cubie/web/www/bibena.com/mavr/model/page/page.php on line 70 with message "Undefined variable: rr"
Wed, 05 Mar 2014 02:32:52 +0200
	Error: 8 in file /home/cubie/web/www/bibena.com/mavr/model/page/page.php on line 70 with message "Undefined variable: rr"
Wed, 05 Mar 2014 03:00:51 +0200
	Error: 8 in file /home/cubie/web/www/bibena.com/mavr/model/page/page.php on line 70 with message "Undefined variable: error_content"
Wed, 05 Mar 2014 03:02:33 +0200
	Error: 8 in file /home/cubie/web/www/bibena.com/mavr/model/page/page.php on line 69 with message "Undefined index: last_error"
Wed, 05 Mar 2014 03:02:33 +0200
	Error: 8 in file /home/cubie/web/www/bibena.com/mavr/model/page/page.php on line 69 with message "Undefined index: last_error"
Wed, 05 Mar 2014 03:03:32 +0200
	Error: 8 in file /home/cubie/web/www/bibena.com/mavr/model/page/page.php on line 69 with message "Undefined index: last_error"
Wed, 05 Mar 2014 11:40:26 +0200
	Error: 8 in file /home/cubie/web/www/bibena.com/mavr/view/page/error.html on line 10 with message "Undefined index: text"
Wed, 05 Mar 2014 11:40:43 +0200
	Error: 8 in file /home/cubie/web/www/bibena.com/mavr/view/page/error.html on line 10 with message "Undefined index: text"
Wed, 05 Mar 2014 12:13:01 +0200
	Error: 8 in file /home/cubie/web/www/bibena.com/mavr/view/page/error.html on line 10 with message "Undefined index: text"
Wed, 05 Mar 2014 12:14:04 +0200
	Error: 8 in file /home/cubie/web/www/bibena.com/mavr/view/page/error.html on line 10 with message "Undefined index: text"
Wed, 05 Mar 2014 12:14:04 +0200
	Error: 8 in file /home/cubie/web/www/bibena.com/mavr/view/page/error.html on line 10 with message "Undefined index: text"
Wed, 05 Mar 2014 12:14:17 +0200
	Error: 8 in file /home/cubie/web/www/bibena.com/mavr/view/page/error.html on line 10 with message "Undefined index: text"
Wed, 05 Mar 2014 12:14:17 +0200
	Error: 8 in file /home/cubie/web/www/bibena.com/mavr/view/page/error.html on line 10 with message "Undefined index: text"
Wed, 05 Mar 2014 12:14:37 +0200
	Error: 8 in file /home/cubie/web/www/bibena.com/mavr/view/page/error.html on line 10 with message "Undefined index: text"
Wed, 05 Mar 2014 12:14:37 +0200
	Error: 8 in file /home/cubie/web/www/bibena.com/mavr/view/page/error.html on line 10 with message "Undefined index: text"
Wed, 05 Mar 2014 12:19:37 +0200
	Error: 8 in file /home/cubie/web/www/bibena.com/mavr/view/page/error.html on line 10 with message "Undefined index: text"
Wed, 05 Mar 2014 12:19:37 +0200
	Error: 8 in file /home/cubie/web/www/bibena.com/mavr/view/page/error.html on line 10 with message "Undefined index: text"
Wed, 05 Mar 2014 12:19:48 +0200
	Error: 8 in file /home/cubie/web/www/bibena.com/mavr/view/page/error.html on line 10 with message "Undefined index: text"
Wed, 05 Mar 2014 12:19:48 +0200
	Error: 8 in file /home/cubie/web/www/bibena.com/mavr/view/page/error.html on line 10 with message "Undefined index: text"
Wed, 05 Mar 2014 12:22:08 +0200
	Error: 8 in file /home/cubie/web/www/bibena.com/mavr/view/page/error.html on line 10 with message "Undefined index: text"
Wed, 05 Mar 2014 12:22:09 +0200
	Error: 8 in file /home/cubie/web/www/bibena.com/mavr/model/page/page.php on line 61 with message "Undefined index: last_error"
Wed, 05 Mar 2014 12:22:09 +0200
	Error: 8 in file /home/cubie/web/www/bibena.com/mavr/view/page/error.html on line 10 with message "Undefined index: text"
Wed, 05 Mar 2014 12:23:29 +0200
	Error: 8 in file /home/cubie/web/www/bibena.com/mavr/view/page/error.html on line 10 with message "Undefined index: text"
Wed, 05 Mar 2014 12:23:29 +0200
	Error: 8 in file /home/cubie/web/www/bibena.com/mavr/view/page/error.html on line 10 with message "Undefined index: text"
Wed, 05 Mar 2014 12:26:47 +0200
	Error: 8 in file /home/cubie/web/www/bibena.com/mavr/view/page/error.html on line 10 with message "Undefined index: text"
Wed, 05 Mar 2014 12:26:47 +0200
	Error: 8 in file /home/cubie/web/www/bibena.com/mavr/view/page/error.html on line 10 with message "Undefined index: text"
Wed, 05 Mar 2014 12:26:57 +0200
	Error: 8 in file /home/cubie/web/www/bibena.com/mavr/view/page/error.html on line 10 with message "Undefined index: text"
Wed, 05 Mar 2014 12:26:57 +0200
	Error: 8 in file /home/cubie/web/www/bibena.com/mavr/view/page/error.html on line 10 with message "Undefined index: text"
Wed, 05 Mar 2014 12:28:33 +0200
	Error: 2 in file /home/cubie/web/www/bibena.com/mavr/model/display/display.php on line 237 with message "require(null): failed to open stream: No such file or directory"
Wed, 05 Mar 2014 12:28:33 +0200
	Error: 8 in file /home/cubie/web/www/bibena.com/mavr/view/page/error.html on line 10 with message "Undefined index: text"
Wed, 05 Mar 2014 12:28:33 +0200
	Error: 8 in file /home/cubie/web/www/bibena.com/mavr/view/page/error.html on line 10 with message "Undefined index: text"
Wed, 05 Mar 2014 12:29:46 +0200
	Error: 2 in file /home/cubie/web/www/bibena.com/mavr/model/display/display.php on line 237 with message "include(null): failed to open stream: No such file or directory"
Wed, 05 Mar 2014 12:29:46 +0200
	Error: 2 in file /home/cubie/web/www/bibena.com/mavr/model/display/display.php on line 237 with message "include(): Failed opening 'null' for inclusion (include_path='.:/usr/share/php:/usr/share/pear')"
Wed, 05 Mar 2014 12:30:32 +0200
	Error: 2 in file /home/cubie/web/www/bibena.com/mavr/model/display/display.php on line 237 with message "require(null): failed to open stream: No such file or directory"
Wed, 05 Mar 2014 12:30:32 +0200
	Error: 8 in file /home/cubie/web/www/bibena.com/mavr/view/page/error.html on line 10 with message "Undefined index: text"
Wed, 05 Mar 2014 12:30:32 +0200
	Error: 8 in file /home/cubie/web/www/bibena.com/mavr/view/page/error.html on line 10 with message "Undefined index: text"
Wed, 05 Mar 2014 12:33:05 +0200
	Error: 8 in file /home/cubie/web/www/bibena.com/mavr/view/page/error.html on line 10 with message "Undefined index: text"
Wed, 05 Mar 2014 12:33:05 +0200
	Error: 8 in file /home/cubie/web/www/bibena.com/mavr/view/page/error.html on line 10 with message "Undefined index: text"
Wed, 05 Mar 2014 12:34:21 +0200
	Error: 2 in file /home/cubie/web/www/bibena.com/mavr/model/display/display.php on line 237 with message "require(null): failed to open stream: No such file or directory"
Wed, 05 Mar 2014 12:34:21 +0200
	Error: 8 in file /home/cubie/web/www/bibena.com/mavr/view/page/error.html on line 10 with message "Undefined index: text"
Wed, 05 Mar 2014 12:34:21 +0200
	Error: 8 in file /home/cubie/web/www/bibena.com/mavr/view/page/error.html on line 10 with message "Undefined index: text"
Wed, 05 Mar 2014 20:41:23 +0200
	Error: 8 in file /home/cubie/web/www/bibena.com/mavr/model/page/page.php on line 61 with message "Undefined index: last_error"
Wed, 05 Mar 2014 20:41:23 +0200
	Error: 8 in file /home/cubie/web/www/bibena.com/mavr/view/page/error.html on line 10 with message "Undefined index: text"
Wed, 05 Mar 2014 20:42:16 +0200
	Error: 8 in file /home/cubie/web/www/bibena.com/mavr/model/page/page.php on line 61 with message "Undefined index: last_error"
Wed, 05 Mar 2014 20:42:16 +0200
	Error: 8 in file /home/cubie/web/www/bibena.com/mavr/view/page/error.html on line 10 with message "Undefined index: text"
Wed, 05 Mar 2014 20:49:44 +0200
	Error: 8 in file /home/cubie/web/www/bibena.com/mavr/model/page/page.php on line 61 with message "Undefined index: last_error"
Wed, 05 Mar 2014 20:49:44 +0200
	Error: 8 in file /home/cubie/web/www/bibena.com/mavr/view/page/error.html on line 10 with message "Undefined index: text"
Wed, 05 Mar 2014 20:50:00 +0200
	Error: 8 in file /home/cubie/web/www/bibena.com/mavr/view/page/error.html on line 10 with message "Undefined index: text"
Wed, 05 Mar 2014 20:50:23 +0200
	Error: 8 in file /home/cubie/web/www/bibena.com/mavr/view/page/error.html on line 10 with message "Undefined index: text"
Wed, 05 Mar 2014 20:50:23 +0200
	Error: 8 in file /home/cubie/web/www/bibena.com/mavr/view/page/error.html on line 10 with message "Undefined index: text"
Wed, 05 Mar 2014 20:51:00 +0200
	Error: 8 in file /home/cubie/web/www/bibena.com/mavr/view/page/error.html on line 10 with message "Undefined index: text"
Wed, 05 Mar 2014 20:51:00 +0200
	Error: 8 in file /home/cubie/web/www/bibena.com/mavr/view/page/error.html on line 10 with message "Undefined index: text"
Wed, 05 Mar 2014 21:49:24 +0200
	Error: 8 in file /home/cubie/web/www/bibena.com/mavr/view/page/error.html on line 10 with message "Undefined index: text"
Wed, 05 Mar 2014 21:50:00 +0200
	Error: 8 in file /home/cubie/web/www/bibena.com/mavr/view/page/error.html on line 10 with message "Undefined index: text"
Wed, 05 Mar 2014 21:51:25 +0200
	Error: 8 in file /home/cubie/web/www/bibena.com/mavr/view/page/error.html on line 10 with message "Undefined index: text"
Wed, 05 Mar 2014 21:51:28 +0200
	Error: 8 in file /home/cubie/web/www/bibena.com/mavr/view/page/error.html on line 10 with message "Undefined index: text"
Wed, 05 Mar 2014 21:52:25 +0200
	Error: 8 in file /home/cubie/web/www/bibena.com/mavr/view/page/error.html on line 10 with message "Undefined index: text"
Wed, 05 Mar 2014 21:52:25 +0200
	Error: 8 in file /home/cubie/web/www/bibena.com/mavr/init/error/error.php on line 55 with message "Undefined variable: error_message"
Wed, 05 Mar 2014 21:52:51 +0200
	Error: 8 in file /home/cubie/web/www/bibena.com/mavr/view/page/error.html on line 10 with message "Undefined index: text"
Wed, 05 Mar 2014 21:52:51 +0200
	Error: 8 in file /home/cubie/web/www/bibena.com/mavr/view/page/error.html on line 10 with message "Undefined index: text"
Wed, 05 Mar 2014 21:53:11 +0200
	Error: 2 in file /home/cubie/web/www/bibena.com/mavr/model/display/display.php on line 237 with message "require(null): failed to open stream: No such file or directory"
Wed, 05 Mar 2014 21:53:11 +0200
	Error: 8 in file /home/cubie/web/www/bibena.com/mavr/view/page/error.html on line 10 with message "Undefined index: text"
Wed, 05 Mar 2014 21:53:11 +0200
	Error: 8 in file /home/cubie/web/www/bibena.com/mavr/view/page/error.html on line 10 with message "Undefined index: text"
Wed, 05 Mar 2014 22:31:03 +0200
	Error: 2 in file /home/cubie/web/www/bibena.com/mavr/model/display/display.php on line 237 with message "require(null): failed to open stream: No such file or directory"
Wed, 05 Mar 2014 22:31:03 +0200
	Error: 8 in file /home/cubie/web/www/bibena.com/mavr/view/page/error.html on line 10 with message "Undefined index: text"
Wed, 05 Mar 2014 22:31:03 +0200
	Error: 8 in file /home/cubie/web/www/bibena.com/mavr/view/page/error.html on line 10 with message "Undefined index: text"
Wed, 05 Mar 2014 22:34:41 +0200
	Error: 8 in file /home/cubie/web/www/bibena.com/mavr/init/error/error.php on line 54 with message "Undefined variable: error_message"
Wed, 05 Mar 2014 22:35:10 +0200
	Error: 8 in file /home/cubie/web/www/bibena.com/mavr/init/error/error.php on line 54 with message "Undefined variable: error_message"
Wed, 05 Mar 2014 22:35:23 +0200
	Error: 8 in file /home/cubie/web/www/bibena.com/mavr/init/error/error.php on line 54 with message "Undefined variable: error_message"
Wed, 05 Mar 2014 22:35:51 +0200
	Error: 8 in file /home/cubie/web/www/bibena.com/mavr/view/page/error.html on line 2 with message "Undefined index: text"
Wed, 05 Mar 2014 22:35:51 +0200
	Error: 8 in file /home/cubie/web/www/bibena.com/mavr/init/error/error.php on line 54 with message "Undefined variable: error_message"
Wed, 05 Mar 2014 22:36:03 +0200
	Error: 2 in file /home/cubie/web/www/bibena.com/mavr/model/display/display.php on line 237 with message "require(null): failed to open stream: No such file or directory"
Wed, 05 Mar 2014 22:36:03 +0200
	Error: 8 in file /home/cubie/web/www/bibena.com/mavr/view/page/error.html on line 2 with message "Undefined index: text"
Wed, 05 Mar 2014 22:36:03 +0200
	Error: 8 in file /home/cubie/web/www/bibena.com/mavr/view/page/error.html on line 2 with message "Undefined index: text"
Wed, 05 Mar 2014 22:36:13 +0200
	Error: 8 in file /home/cubie/web/www/bibena.com/mavr/view/page/error.html on line 2 with message "Undefined index: text"
Wed, 05 Mar 2014 22:36:13 +0200
	Error: 8 in file /home/cubie/web/www/bibena.com/mavr/init/error/error.php on line 54 with message "Undefined variable: error_message"
Wed, 05 Mar 2014 22:38:08 +0200
	Error: 2 in file /home/cubie/web/www/bibena.com/mavr/model/display/display.php on line 237 with message "require(null): failed to open stream: No such file or directory"
Wed, 05 Mar 2014 22:38:51 +0200
	Error: 2 in file /home/cubie/web/www/bibena.com/mavr/model/display/display.php on line 237 with message "require(null): failed to open stream: No such file or directory"
Wed, 05 Mar 2014 22:50:11 +0200
	Error: 2 in file /home/cubie/web/www/bibena.com/mavr/model/display/display.php on line 237 with message "require(null): failed to open stream: No such file or directory"
Wed, 05 Mar 2014 22:51:36 +0200
	Error: 2 in file /home/cubie/web/www/bibena.com/mavr/model/display/display.php on line 237 with message "require(null): failed to open stream: No such file or directory"
Wed, 05 Mar 2014 22:51:56 +0200
	Error: 2 in file /home/cubie/web/www/bibena.com/mavr/model/display/display.php on line 237 with message "require(null): failed to open stream: No such file or directory"
Thu, 06 Mar 2014 09:28:02 +0200
	Error: 2 in file /home/cubie/web/www/bibena.com/mavr/model/display/display.php on line 237 with message "require(null): failed to open stream: No such file or directory"
Fri, 07 Mar 2014 00:54:53 +0200
	Error: 8 in file /home/cubie/web/www/bibena.com/mavr/index.php on line 16 with message "Undefined variable: skiped_dirs"
Fri, 07 Mar 2014 00:54:53 +0200
	Error: 2 in file /home/cubie/web/www/bibena.com/mavr/index.php on line 16 with message "in_array() expects parameter 2 to be array, null given"
Fri, 07 Mar 2014 00:54:53 +0200
	Error: 8 in file /home/cubie/web/www/bibena.com/mavr/index.php on line 16 with message "Undefined variable: skiped_dirs"
Fri, 07 Mar 2014 00:54:53 +0200
	Error: 2 in file /home/cubie/web/www/bibena.com/mavr/index.php on line 16 with message "in_array() expects parameter 2 to be array, null given"
Fri, 07 Mar 2014 00:54:53 +0200
	Error: 8 in file /home/cubie/web/www/bibena.com/mavr/index.php on line 16 with message "Undefined variable: skiped_dirs"
Fri, 07 Mar 2014 00:54:53 +0200
	Error: 2 in file /home/cubie/web/www/bibena.com/mavr/index.php on line 16 with message "in_array() expects parameter 2 to be array, null given"
Fri, 07 Mar 2014 00:54:53 +0200
	Error: 8 in file /home/cubie/web/www/bibena.com/mavr/index.php on line 16 with message "Undefined variable: skiped_dirs"
Fri, 07 Mar 2014 00:54:53 +0200
	Error: 2 in file /home/cubie/web/www/bibena.com/mavr/index.php on line 16 with message "in_array() expects parameter 2 to be array, null given"
Fri, 07 Mar 2014 00:54:53 +0200
	Error: 8 in file /home/cubie/web/www/bibena.com/mavr/index.php on line 16 with message "Undefined variable: skiped_dirs"
Fri, 07 Mar 2014 00:54:53 +0200
	Error: 2 in file /home/cubie/web/www/bibena.com/mavr/index.php on line 16 with message "in_array() expects parameter 2 to be array, null given"
Fri, 07 Mar 2014 00:54:53 +0200
	Error: 8 in file /home/cubie/web/www/bibena.com/mavr/index.php on line 16 with message "Undefined variable: skiped_dirs"
Fri, 07 Mar 2014 00:54:53 +0200
	Error: 2 in file /home/cubie/web/www/bibena.com/mavr/index.php on line 16 with message "in_array() expects parameter 2 to be array, null given"
Fri, 07 Mar 2014 00:54:53 +0200
	Error: 8 in file /home/cubie/web/www/bibena.com/mavr/index.php on line 16 with message "Undefined variable: skiped_dirs"
Fri, 07 Mar 2014 00:54:53 +0200
	Error: 2 in file /home/cubie/web/www/bibena.com/mavr/index.php on line 16 with message "in_array() expects parameter 2 to be array, null given"
Fri, 07 Mar 2014 00:54:53 +0200
	Error: 8 in file /home/cubie/web/www/bibena.com/mavr/index.php on line 16 with message "Undefined variable: skiped_dirs"
Fri, 07 Mar 2014 00:54:53 +0200
	Error: 2 in file /home/cubie/web/www/bibena.com/mavr/index.php on line 16 with message "in_array() expects parameter 2 to be array, null given"
Fri, 07 Mar 2014 00:54:58 +0200
	Error: 8 in file /home/cubie/web/www/bibena.com/mavr/index.php on line 16 with message "Undefined variable: skiped_dirs"
Fri, 07 Mar 2014 00:54:58 +0200
	Error: 2 in file /home/cubie/web/www/bibena.com/mavr/index.php on line 16 with message "in_array() expects parameter 2 to be array, null given"
Fri, 07 Mar 2014 00:54:58 +0200
	Error: 8 in file /home/cubie/web/www/bibena.com/mavr/index.php on line 16 with message "Undefined variable: skiped_dirs"
Fri, 07 Mar 2014 00:54:58 +0200
	Error: 2 in file /home/cubie/web/www/bibena.com/mavr/index.php on line 16 with message "in_array() expects parameter 2 to be array, null given"
Fri, 07 Mar 2014 00:54:58 +0200
	Error: 8 in file /home/cubie/web/www/bibena.com/mavr/index.php on line 16 with message "Undefined variable: skiped_dirs"
Fri, 07 Mar 2014 00:54:58 +0200
	Error: 2 in file /home/cubie/web/www/bibena.com/mavr/index.php on line 16 with message "in_array() expects parameter 2 to be array, null given"
Fri, 07 Mar 2014 00:54:58 +0200
	Error: 8 in file /home/cubie/web/www/bibena.com/mavr/index.php on line 16 with message "Undefined variable: skiped_dirs"
Fri, 07 Mar 2014 00:54:58 +0200
	Error: 2 in file /home/cubie/web/www/bibena.com/mavr/index.php on line 16 with message "in_array() expects parameter 2 to be array, null given"
Fri, 07 Mar 2014 00:54:58 +0200
	Error: 8 in file /home/cubie/web/www/bibena.com/mavr/index.php on line 16 with message "Undefined variable: skiped_dirs"
Fri, 07 Mar 2014 00:54:58 +0200
	Error: 2 in file /home/cubie/web/www/bibena.com/mavr/index.php on line 16 with message "in_array() expects parameter 2 to be array, null given"
Fri, 07 Mar 2014 00:54:58 +0200
	Error: 8 in file /home/cubie/web/www/bibena.com/mavr/index.php on line 16 with message "Undefined variable: skiped_dirs"
Fri, 07 Mar 2014 00:54:58 +0200
	Error: 2 in file /home/cubie/web/www/bibena.com/mavr/index.php on line 16 with message "in_array() expects parameter 2 to be array, null given"
Fri, 07 Mar 2014 00:54:58 +0200
	Error: 8 in file /home/cubie/web/www/bibena.com/mavr/index.php on line 16 with message "Undefined variable: skiped_dirs"
Fri, 07 Mar 2014 00:54:58 +0200
	Error: 2 in file /home/cubie/web/www/bibena.com/mavr/index.php on line 16 with message "in_array() expects parameter 2 to be array, null given"
Fri, 07 Mar 2014 00:54:58 +0200
	Error: 8 in file /home/cubie/web/www/bibena.com/mavr/index.php on line 16 with message "Undefined variable: skiped_dirs"
Fri, 07 Mar 2014 00:54:58 +0200
	Error: 2 in file /home/cubie/web/www/bibena.com/mavr/index.php on line 16 with message "in_array() expects parameter 2 to be array, null given"
Fri, 07 Mar 2014 00:55:40 +0200
	Error: 8 in file /home/cubie/web/www/bibena.com/mavr/index.php on line 16 with message "Undefined variable: skiped_dirs"
Fri, 07 Mar 2014 00:55:40 +0200
	Error: 2 in file /home/cubie/web/www/bibena.com/mavr/index.php on line 16 with message "in_array() expects parameter 2 to be array, null given"
Fri, 07 Mar 2014 00:55:40 +0200
	Error: 8 in file /home/cubie/web/www/bibena.com/mavr/index.php on line 16 with message "Undefined variable: skiped_dirs"
Fri, 07 Mar 2014 00:55:40 +0200
	Error: 2 in file /home/cubie/web/www/bibena.com/mavr/index.php on line 16 with message "in_array() expects parameter 2 to be array, null given"
Fri, 07 Mar 2014 00:55:40 +0200
	Error: 8 in file /home/cubie/web/www/bibena.com/mavr/index.php on line 16 with message "Undefined variable: skiped_dirs"
Fri, 07 Mar 2014 00:55:40 +0200
	Error: 2 in file /home/cubie/web/www/bibena.com/mavr/index.php on line 16 with message "in_array() expects parameter 2 to be array, null given"
Fri, 07 Mar 2014 00:55:40 +0200
	Error: 8 in file /home/cubie/web/www/bibena.com/mavr/index.php on line 16 with message "Undefined variable: skiped_dirs"
Fri, 07 Mar 2014 00:55:40 +0200
	Error: 2 in file /home/cubie/web/www/bibena.com/mavr/index.php on line 16 with message "in_array() expects parameter 2 to be array, null given"
Fri, 07 Mar 2014 00:55:40 +0200
	Error: 8 in file /home/cubie/web/www/bibena.com/mavr/index.php on line 16 with message "Undefined variable: skiped_dirs"
Fri, 07 Mar 2014 00:55:40 +0200
	Error: 2 in file /home/cubie/web/www/bibena.com/mavr/index.php on line 16 with message "in_array() expects parameter 2 to be array, null given"
Fri, 07 Mar 2014 00:55:40 +0200
	Error: 8 in file /home/cubie/web/www/bibena.com/mavr/index.php on line 16 with message "Undefined variable: skiped_dirs"
Fri, 07 Mar 2014 00:55:40 +0200
	Error: 2 in file /home/cubie/web/www/bibena.com/mavr/index.php on line 16 with message "in_array() expects parameter 2 to be array, null given"
Fri, 07 Mar 2014 00:55:40 +0200
	Error: 8 in file /home/cubie/web/www/bibena.com/mavr/index.php on line 16 with message "Undefined variable: skiped_dirs"
Fri, 07 Mar 2014 00:55:40 +0200
	Error: 2 in file /home/cubie/web/www/bibena.com/mavr/index.php on line 16 with message "in_array() expects parameter 2 to be array, null given"
Fri, 07 Mar 2014 00:55:40 +0200
	Error: 8 in file /home/cubie/web/www/bibena.com/mavr/index.php on line 16 with message "Undefined variable: skiped_dirs"
Fri, 07 Mar 2014 00:55:40 +0200
	Error: 2 in file /home/cubie/web/www/bibena.com/mavr/index.php on line 16 with message "in_array() expects parameter 2 to be array, null given"
Fri, 07 Mar 2014 01:32:13 +0200
	Error: 8 in file /home/cubie/web/www/bibena.com/mavr/index.php on line 16 with message "Undefined variable: skiped_dirs"
Fri, 07 Mar 2014 01:32:13 +0200
	Error: 2 in file /home/cubie/web/www/bibena.com/mavr/index.php on line 16 with message "in_array() expects parameter 2 to be array, null given"
Fri, 07 Mar 2014 01:32:13 +0200
	Error: 8 in file /home/cubie/web/www/bibena.com/mavr/index.php on line 16 with message "Undefined variable: skiped_dirs"
Fri, 07 Mar 2014 01:32:13 +0200
	Error: 2 in file /home/cubie/web/www/bibena.com/mavr/index.php on line 16 with message "in_array() expects parameter 2 to be array, null given"
Fri, 07 Mar 2014 01:32:13 +0200
	Error: 8 in file /home/cubie/web/www/bibena.com/mavr/index.php on line 16 with message "Undefined variable: skiped_dirs"
Fri, 07 Mar 2014 01:32:13 +0200
	Error: 2 in file /home/cubie/web/www/bibena.com/mavr/index.php on line 16 with message "in_array() expects parameter 2 to be array, null given"
Fri, 07 Mar 2014 01:32:13 +0200
	Error: 8 in file /home/cubie/web/www/bibena.com/mavr/index.php on line 16 with message "Undefined variable: skiped_dirs"
Fri, 07 Mar 2014 01:32:13 +0200
	Error: 2 in file /home/cubie/web/www/bibena.com/mavr/index.php on line 16 with message "in_array() expects parameter 2 to be array, null given"
Fri, 07 Mar 2014 01:32:13 +0200
	Error: 8 in file /home/cubie/web/www/bibena.com/mavr/index.php on line 16 with message "Undefined variable: skiped_dirs"
Fri, 07 Mar 2014 01:32:13 +0200
	Error: 2 in file /home/cubie/web/www/bibena.com/mavr/index.php on line 16 with message "in_array() expects parameter 2 to be array, null given"
Fri, 07 Mar 2014 01:32:13 +0200
	Error: 8 in file /home/cubie/web/www/bibena.com/mavr/index.php on line 16 with message "Undefined variable: skiped_dirs"
Fri, 07 Mar 2014 01:32:13 +0200
	Error: 2 in file /home/cubie/web/www/bibena.com/mavr/index.php on line 16 with message "in_array() expects parameter 2 to be array, null given"
Fri, 07 Mar 2014 01:32:13 +0200
	Error: 8 in file /home/cubie/web/www/bibena.com/mavr/index.php on line 16 with message "Undefined variable: skiped_dirs"
Fri, 07 Mar 2014 01:32:13 +0200
	Error: 2 in file /home/cubie/web/www/bibena.com/mavr/index.php on line 16 with message "in_array() expects parameter 2 to be array, null given"
Fri, 07 Mar 2014 01:32:13 +0200
	Error: 8 in file /home/cubie/web/www/bibena.com/mavr/index.php on line 16 with message "Undefined variable: skiped_dirs"
Fri, 07 Mar 2014 01:32:13 +0200
	Error: 2 in file /home/cubie/web/www/bibena.com/mavr/index.php on line 16 with message "in_array() expects parameter 2 to be array, null given"
Fri, 07 Mar 2014 01:32:48 +0200
	Error: 8 in file /home/cubie/web/www/bibena.com/mavr/index.php on line 16 with message "Undefined variable: skiped_dirs"
Fri, 07 Mar 2014 01:32:48 +0200
	Error: 2 in file /home/cubie/web/www/bibena.com/mavr/index.php on line 16 with message "in_array() expects parameter 2 to be array, null given"
Fri, 07 Mar 2014 01:32:48 +0200
	Error: 8 in file /home/cubie/web/www/bibena.com/mavr/index.php on line 16 with message "Undefined variable: skiped_dirs"
Fri, 07 Mar 2014 01:32:48 +0200
	Error: 2 in file /home/cubie/web/www/bibena.com/mavr/index.php on line 16 with message "in_array() expects parameter 2 to be array, null given"
Fri, 07 Mar 2014 01:32:48 +0200
	Error: 8 in file /home/cubie/web/www/bibena.com/mavr/index.php on line 16 with message "Undefined variable: skiped_dirs"
Fri, 07 Mar 2014 01:32:48 +0200
	Error: 2 in file /home/cubie/web/www/bibena.com/mavr/index.php on line 16 with message "in_array() expects parameter 2 to be array, null given"
Fri, 07 Mar 2014 01:32:48 +0200
	Error: 8 in file /home/cubie/web/www/bibena.com/mavr/index.php on line 16 with message "Undefined variable: skiped_dirs"
Fri, 07 Mar 2014 01:32:48 +0200
	Error: 2 in file /home/cubie/web/www/bibena.com/mavr/index.php on line 16 with message "in_array() expects parameter 2 to be array, null given"
Fri, 07 Mar 2014 01:32:48 +0200
	Error: 8 in file /home/cubie/web/www/bibena.com/mavr/index.php on line 16 with message "Undefined variable: skiped_dirs"
Fri, 07 Mar 2014 01:32:48 +0200
	Error: 2 in file /home/cubie/web/www/bibena.com/mavr/index.php on line 16 with message "in_array() expects parameter 2 to be array, null given"
Fri, 07 Mar 2014 01:32:48 +0200
	Error: 8 in file /home/cubie/web/www/bibena.com/mavr/index.php on line 16 with message "Undefined variable: skiped_dirs"
Fri, 07 Mar 2014 01:32:48 +0200
	Error: 2 in file /home/cubie/web/www/bibena.com/mavr/index.php on line 16 with message "in_array() expects parameter 2 to be array, null given"
Fri, 07 Mar 2014 01:32:48 +0200
	Error: 8 in file /home/cubie/web/www/bibena.com/mavr/index.php on line 16 with message "Undefined variable: skiped_dirs"
Fri, 07 Mar 2014 01:32:48 +0200
	Error: 2 in file /home/cubie/web/www/bibena.com/mavr/index.php on line 16 with message "in_array() expects parameter 2 to be array, null given"
Fri, 07 Mar 2014 01:32:48 +0200
	Error: 8 in file /home/cubie/web/www/bibena.com/mavr/index.php on line 16 with message "Undefined variable: skiped_dirs"
Fri, 07 Mar 2014 01:32:48 +0200
	Error: 2 in file /home/cubie/web/www/bibena.com/mavr/index.php on line 16 with message "in_array() expects parameter 2 to be array, null given"
Fri, 07 Mar 2014 01:44:25 +0200
	Error: 2048 in file /home/cubie/web/www/bibena.com/mavr/init/acl/acl.php on line 45 with message "Non-static method Acl::Get_Current_Methods() should not be called statically"
Fri, 07 Mar 2014 01:44:25 +0200
	Error: 8 in file /home/cubie/web/www/bibena.com/mavr/init/acl/acl.php on line 91 with message "Undefined variable: skiped_dirs"
Fri, 07 Mar 2014 01:44:25 +0200
	Error: 2 in file /home/cubie/web/www/bibena.com/mavr/init/acl/acl.php on line 91 with message "in_array() expects parameter 2 to be array, null given"
Fri, 07 Mar 2014 01:44:25 +0200
	Error: 8 in file /home/cubie/web/www/bibena.com/mavr/init/acl/acl.php on line 91 with message "Undefined variable: skiped_dirs"
Fri, 07 Mar 2014 01:44:25 +0200
	Error: 2 in file /home/cubie/web/www/bibena.com/mavr/init/acl/acl.php on line 91 with message "in_array() expects parameter 2 to be array, null given"
Fri, 07 Mar 2014 01:44:25 +0200
	Error: 8 in file /home/cubie/web/www/bibena.com/mavr/init/acl/acl.php on line 91 with message "Undefined variable: skiped_dirs"
Fri, 07 Mar 2014 01:44:25 +0200
	Error: 2 in file /home/cubie/web/www/bibena.com/mavr/init/acl/acl.php on line 91 with message "in_array() expects parameter 2 to be array, null given"
Fri, 07 Mar 2014 01:44:25 +0200
	Error: 8 in file /home/cubie/web/www/bibena.com/mavr/init/acl/acl.php on line 91 with message "Undefined variable: skiped_dirs"
Fri, 07 Mar 2014 01:44:25 +0200
	Error: 2 in file /home/cubie/web/www/bibena.com/mavr/init/acl/acl.php on line 91 with message "in_array() expects parameter 2 to be array, null given"
Fri, 07 Mar 2014 01:44:25 +0200
	Error: 8 in file /home/cubie/web/www/bibena.com/mavr/init/acl/acl.php on line 91 with message "Undefined variable: skiped_dirs"
Fri, 07 Mar 2014 01:44:25 +0200
	Error: 2 in file /home/cubie/web/www/bibena.com/mavr/init/acl/acl.php on line 91 with message "in_array() expects parameter 2 to be array, null given"
Fri, 07 Mar 2014 01:44:25 +0200
	Error: 8 in file /home/cubie/web/www/bibena.com/mavr/init/acl/acl.php on line 91 with message "Undefined variable: skiped_dirs"
Fri, 07 Mar 2014 01:44:25 +0200
	Error: 2 in file /home/cubie/web/www/bibena.com/mavr/init/acl/acl.php on line 91 with message "in_array() expects parameter 2 to be array, null given"
Fri, 07 Mar 2014 01:44:25 +0200
	Error: 8 in file /home/cubie/web/www/bibena.com/mavr/init/acl/acl.php on line 91 with message "Undefined variable: skiped_dirs"
Fri, 07 Mar 2014 01:44:25 +0200
	Error: 2 in file /home/cubie/web/www/bibena.com/mavr/init/acl/acl.php on line 91 with message "in_array() expects parameter 2 to be array, null given"
Fri, 07 Mar 2014 01:44:25 +0200
	Error: 8 in file /home/cubie/web/www/bibena.com/mavr/init/acl/acl.php on line 91 with message "Undefined variable: skiped_dirs"
Fri, 07 Mar 2014 01:44:25 +0200
	Error: 2 in file /home/cubie/web/www/bibena.com/mavr/init/acl/acl.php on line 91 with message "in_array() expects parameter 2 to be array, null given"
Fri, 07 Mar 2014 01:46:35 +0200
	Error: 2048 in file /home/cubie/web/www/bibena.com/mavr/init/acl/acl.php on line 45 with message "Non-static method Acl::Get_Current_Methods() should not be called statically"
Fri, 07 Mar 2014 01:46:35 +0200
	Error: 8 in file /home/cubie/web/www/bibena.com/mavr/init/acl/acl.php on line 91 with message "Undefined variable: skiped_dirs"
Fri, 07 Mar 2014 01:46:35 +0200
	Error: 2 in file /home/cubie/web/www/bibena.com/mavr/init/acl/acl.php on line 91 with message "in_array() expects parameter 2 to be array, null given"
Fri, 07 Mar 2014 01:46:35 +0200
	Error: 8 in file /home/cubie/web/www/bibena.com/mavr/init/acl/acl.php on line 91 with message "Undefined variable: skiped_dirs"
Fri, 07 Mar 2014 01:46:35 +0200
	Error: 2 in file /home/cubie/web/www/bibena.com/mavr/init/acl/acl.php on line 91 with message "in_array() expects parameter 2 to be array, null given"
Fri, 07 Mar 2014 01:46:35 +0200
	Error: 8 in file /home/cubie/web/www/bibena.com/mavr/init/acl/acl.php on line 91 with message "Undefined variable: skiped_dirs"
Fri, 07 Mar 2014 01:46:35 +0200
	Error: 2 in file /home/cubie/web/www/bibena.com/mavr/init/acl/acl.php on line 91 with message "in_array() expects parameter 2 to be array, null given"
Fri, 07 Mar 2014 01:46:35 +0200
	Error: 8 in file /home/cubie/web/www/bibena.com/mavr/init/acl/acl.php on line 91 with message "Undefined variable: skiped_dirs"
Fri, 07 Mar 2014 01:46:35 +0200
	Error: 2 in file /home/cubie/web/www/bibena.com/mavr/init/acl/acl.php on line 91 with message "in_array() expects parameter 2 to be array, null given"
Fri, 07 Mar 2014 01:46:35 +0200
	Error: 8 in file /home/cubie/web/www/bibena.com/mavr/init/acl/acl.php on line 91 with message "Undefined variable: skiped_dirs"
Fri, 07 Mar 2014 01:46:35 +0200
	Error: 2 in file /home/cubie/web/www/bibena.com/mavr/init/acl/acl.php on line 91 with message "in_array() expects parameter 2 to be array, null given"
Fri, 07 Mar 2014 01:46:35 +0200
	Error: 8 in file /home/cubie/web/www/bibena.com/mavr/init/acl/acl.php on line 91 with message "Undefined variable: skiped_dirs"
Fri, 07 Mar 2014 01:46:35 +0200
	Error: 2 in file /home/cubie/web/www/bibena.com/mavr/init/acl/acl.php on line 91 with message "in_array() expects parameter 2 to be array, null given"
Fri, 07 Mar 2014 01:46:35 +0200
	Error: 8 in file /home/cubie/web/www/bibena.com/mavr/init/acl/acl.php on line 91 with message "Undefined variable: skiped_dirs"
Fri, 07 Mar 2014 01:46:35 +0200
	Error: 2 in file /home/cubie/web/www/bibena.com/mavr/init/acl/acl.php on line 91 with message "in_array() expects parameter 2 to be array, null given"
Fri, 07 Mar 2014 01:46:35 +0200
	Error: 8 in file /home/cubie/web/www/bibena.com/mavr/init/acl/acl.php on line 91 with message "Undefined variable: skiped_dirs"
Fri, 07 Mar 2014 01:46:35 +0200
	Error: 2 in file /home/cubie/web/www/bibena.com/mavr/init/acl/acl.php on line 91 with message "in_array() expects parameter 2 to be array, null given"
Fri, 07 Mar 2014 01:47:54 +0200
	Error: 2048 in file /home/cubie/web/www/bibena.com/mavr/init/acl/acl.php on line 45 with message "Non-static method Acl::Get_Current_Methods() should not be called statically"
Fri, 07 Mar 2014 01:54:08 +0200
	Error: 2 in file /home/cubie/web/www/bibena.com/mavr/init/acl/acl.php on line 46 with message "array_key_exists(): The first argument should be either a string or an integer"
Fri, 07 Mar 2014 01:55:32 +0200
	Error: 2 in file /home/cubie/web/www/bibena.com/mavr/init/acl/acl.php on line 46 with message "array_key_exists(): The first argument should be either a string or an integer"
Fri, 07 Mar 2014 01:56:31 +0200
	Error: 2 in file /home/cubie/web/www/bibena.com/mavr/init/acl/acl.php on line 46 with message "array_key_exists(): The first argument should be either a string or an integer"
Fri, 07 Mar 2014 01:56:50 +0200
	Error: 2 in file /home/cubie/web/www/bibena.com/mavr/init/acl/acl.php on line 46 with message "array_key_exists(): The first argument should be either a string or an integer"
Fri, 07 Mar 2014 01:57:18 +0200
	Error: 2 in file /home/cubie/web/www/bibena.com/mavr/init/acl/acl.php on line 46 with message "array_key_exists(): The first argument should be either a string or an integer"
Fri, 07 Mar 2014 01:59:07 +0200
	Error: 8 in file /home/cubie/web/www/bibena.com/mavr/init/acl/acl.php on line 47 with message "Undefined variable: mnane"
Fri, 07 Mar 2014 02:01:31 +0200
	Error: 8 in file /home/cubie/web/www/bibena.com/mavr/init/acl/acl.php on line 47 with message "Undefined variable: mnane"
Fri, 07 Mar 2014 02:01:32 +0200
	Error: 8 in file /home/cubie/web/www/bibena.com/mavr/init/acl/acl.php on line 47 with message "Undefined variable: mnane"
Fri, 07 Mar 2014 02:01:32 +0200
	Error: 8 in file /home/cubie/web/www/bibena.com/mavr/init/acl/acl.php on line 47 with message "Undefined variable: mnane"
Fri, 07 Mar 2014 02:01:32 +0200
	Error: 8 in file /home/cubie/web/www/bibena.com/mavr/init/acl/acl.php on line 47 with message "Undefined variable: mnane"
Fri, 07 Mar 2014 02:02:10 +0200
	Error: 8 in file /home/cubie/web/www/bibena.com/mavr/init/acl/acl.php on line 47 with message "Undefined variable: mnane"
Fri, 07 Mar 2014 02:02:43 +0200
	Error: 8 in file /home/cubie/web/www/bibena.com/mavr/init/acl/acl.php on line 47 with message "Undefined variable: mnane"
Fri, 07 Mar 2014 02:03:39 +0200
	Error: 8 in file /home/cubie/web/www/bibena.com/mavr/init/acl/acl.php on line 49 with message "Undefined variable: mnane"
Fri, 07 Mar 2014 02:08:29 +0200
	Error: 8 in file /home/cubie/web/www/bibena.com/mavr/init/acl/acl.php on line 49 with message "Undefined variable: mnane"
Fri, 07 Mar 2014 02:10:57 +0200
	Error: 2 in file /home/cubie/web/www/bibena.com/mavr/model/display/display.php on line 237 with message "require(null): failed to open stream: No such file or directory"
Fri, 07 Mar 2014 02:48:16 +0200
	Error: 8 in file /home/cubie/web/www/bibena.com/mavr/init/acl/acl.php on line 52 with message "Undefined index: admin_only"
Fri, 07 Mar 2014 02:50:05 +0200
	Error: 8 in file /home/cubie/web/www/bibena.com/mavr/init/acl/acl.php on line 53 with message "Undefined index: admin_only"
Fri, 07 Mar 2014 02:51:20 +0200
	Error: 8 in file /home/cubie/web/www/bibena.com/mavr/init/acl/acl.php on line 53 with message "Undefined index: admin_only"
Mon, 10 Mar 2014 02:00:49 +0200
	Error: 8 in file /home/cubie/web/www/bibena.com/mavr/view/admin/acl.html on line 8 with message "Undefined variable: menu"
Mon, 10 Mar 2014 02:00:49 +0200
	Error: 8 in file /home/cubie/web/www/bibena.com/mavr/view/admin/acl.html on line 8 with message "Undefined variable: menu"
Mon, 10 Mar 2014 02:00:49 +0200
	Error: 8 in file /home/cubie/web/www/bibena.com/mavr/view/admin/acl.html on line 12 with message "Undefined variable: menu"
Mon, 10 Mar 2014 02:00:49 +0200
	Error: 8 in file /home/cubie/web/www/bibena.com/mavr/view/admin/acl.html on line 12 with message "Undefined variable: menu"
Mon, 10 Mar 2014 02:00:49 +0200
	Error: 8 in file /home/cubie/web/www/bibena.com/mavr/view/admin/acl.html on line 8 with message "Undefined variable: menu"
Mon, 10 Mar 2014 02:00:49 +0200
	Error: 8 in file /home/cubie/web/www/bibena.com/mavr/view/admin/acl.html on line 8 with message "Undefined variable: menu"
Mon, 10 Mar 2014 02:00:49 +0200
	Error: 8 in file /home/cubie/web/www/bibena.com/mavr/view/admin/acl.html on line 12 with message "Undefined variable: menu"
Mon, 10 Mar 2014 02:00:49 +0200
	Error: 8 in file /home/cubie/web/www/bibena.com/mavr/view/admin/acl.html on line 12 with message "Undefined variable: menu"
Mon, 10 Mar 2014 02:00:49 +0200
	Error: 8 in file /home/cubie/web/www/bibena.com/mavr/view/admin/acl.html on line 8 with message "Undefined variable: menu"
Mon, 10 Mar 2014 02:00:49 +0200
	Error: 8 in file /home/cubie/web/www/bibena.com/mavr/view/admin/acl.html on line 8 with message "Undefined variable: menu"
Mon, 10 Mar 2014 02:00:49 +0200
	Error: 8 in file /home/cubie/web/www/bibena.com/mavr/view/admin/acl.html on line 12 with message "Undefined variable: menu"
Mon, 10 Mar 2014 02:00:49 +0200
	Error: 8 in file /home/cubie/web/www/bibena.com/mavr/view/admin/acl.html on line 12 with message "Undefined variable: menu"
Mon, 10 Mar 2014 02:00:49 +0200
	Error: 8 in file /home/cubie/web/www/bibena.com/mavr/view/admin/acl.html on line 8 with message "Undefined variable: menu"
Mon, 10 Mar 2014 02:00:49 +0200
	Error: 8 in file /home/cubie/web/www/bibena.com/mavr/view/admin/acl.html on line 8 with message "Undefined variable: menu"
Mon, 10 Mar 2014 02:00:49 +0200
	Error: 8 in file /home/cubie/web/www/bibena.com/mavr/view/admin/acl.html on line 12 with message "Undefined variable: menu"
Mon, 10 Mar 2014 02:00:49 +0200
	Error: 8 in file /home/cubie/web/www/bibena.com/mavr/view/admin/acl.html on line 12 with message "Undefined variable: menu"
Mon, 10 Mar 2014 02:00:49 +0200
	Error: 8 in file /home/cubie/web/www/bibena.com/mavr/view/admin/acl.html on line 8 with message "Undefined variable: menu"
Mon, 10 Mar 2014 02:00:49 +0200
	Error: 8 in file /home/cubie/web/www/bibena.com/mavr/view/admin/acl.html on line 8 with message "Undefined variable: menu"
Mon, 10 Mar 2014 02:00:49 +0200
	Error: 8 in file /home/cubie/web/www/bibena.com/mavr/view/admin/acl.html on line 12 with message "Undefined variable: menu"
Mon, 10 Mar 2014 02:00:49 +0200
	Error: 8 in file /home/cubie/web/www/bibena.com/mavr/view/admin/acl.html on line 12 with message "Undefined variable: menu"
Mon, 10 Mar 2014 02:00:49 +0200
	Error: 8 in file /home/cubie/web/www/bibena.com/mavr/view/admin/acl.html on line 8 with message "Undefined variable: menu"
Mon, 10 Mar 2014 02:00:49 +0200
	Error: 8 in file /home/cubie/web/www/bibena.com/mavr/view/admin/acl.html on line 8 with message "Undefined variable: menu"
Mon, 10 Mar 2014 02:00:49 +0200
	Error: 8 in file /home/cubie/web/www/bibena.com/mavr/view/admin/acl.html on line 12 with message "Undefined variable: menu"
Mon, 10 Mar 2014 02:00:49 +0200
	Error: 8 in file /home/cubie/web/www/bibena.com/mavr/view/admin/acl.html on line 12 with message "Undefined variable: menu"
Mon, 10 Mar 2014 02:00:49 +0200
	Error: 8 in file /home/cubie/web/www/bibena.com/mavr/view/admin/acl.html on line 8 with message "Undefined variable: menu"
Mon, 10 Mar 2014 02:00:49 +0200
	Error: 8 in file /home/cubie/web/www/bibena.com/mavr/view/admin/acl.html on line 8 with message "Undefined variable: menu"
Mon, 10 Mar 2014 02:00:49 +0200
	Error: 8 in file /home/cubie/web/www/bibena.com/mavr/view/admin/acl.html on line 12 with message "Undefined variable: menu"
Mon, 10 Mar 2014 02:00:49 +0200
	Error: 8 in file /home/cubie/web/www/bibena.com/mavr/view/admin/acl.html on line 12 with message "Undefined variable: menu"
Mon, 10 Mar 2014 02:00:49 +0200
	Error: 8 in file /home/cubie/web/www/bibena.com/mavr/view/admin/acl.html on line 8 with message "Undefined variable: menu"
Mon, 10 Mar 2014 02:00:49 +0200
	Error: 8 in file /home/cubie/web/www/bibena.com/mavr/view/admin/acl.html on line 8 with message "Undefined variable: menu"
Mon, 10 Mar 2014 02:00:49 +0200
	Error: 8 in file /home/cubie/web/www/bibena.com/mavr/view/admin/acl.html on line 12 with message "Undefined variable: menu"
Mon, 10 Mar 2014 02:00:49 +0200
	Error: 8 in file /home/cubie/web/www/bibena.com/mavr/view/admin/acl.html on line 12 with message "Undefined variable: menu"
Mon, 10 Mar 2014 02:00:49 +0200
	Error: 8 in file /home/cubie/web/www/bibena.com/mavr/view/admin/acl.html on line 8 with message "Undefined variable: menu"
Mon, 10 Mar 2014 02:00:49 +0200
	Error: 8 in file /home/cubie/web/www/bibena.com/mavr/view/admin/acl.html on line 8 with message "Undefined variable: menu"
Mon, 10 Mar 2014 02:00:49 +0200
	Error: 8 in file /home/cubie/web/www/bibena.com/mavr/view/admin/acl.html on line 12 with message "Undefined variable: menu"
Mon, 10 Mar 2014 02:00:49 +0200
	Error: 8 in file /home/cubie/web/www/bibena.com/mavr/view/admin/acl.html on line 12 with message "Undefined variable: menu"
Mon, 10 Mar 2014 02:00:49 +0200
	Error: 8 in file /home/cubie/web/www/bibena.com/mavr/view/admin/acl.html on line 8 with message "Undefined variable: menu"
Mon, 10 Mar 2014 02:00:49 +0200
	Error: 8 in file /home/cubie/web/www/bibena.com/mavr/view/admin/acl.html on line 8 with message "Undefined variable: menu"
Mon, 10 Mar 2014 02:00:49 +0200
	Error: 8 in file /home/cubie/web/www/bibena.com/mavr/view/admin/acl.html on line 12 with message "Undefined variable: menu"
Mon, 10 Mar 2014 02:00:49 +0200
	Error: 8 in file /home/cubie/web/www/bibena.com/mavr/view/admin/acl.html on line 12 with message "Undefined variable: menu"
Mon, 10 Mar 2014 02:00:49 +0200
	Error: 8 in file /home/cubie/web/www/bibena.com/mavr/view/admin/acl.html on line 8 with message "Undefined variable: menu"
Mon, 10 Mar 2014 02:00:49 +0200
	Error: 8 in file /home/cubie/web/www/bibena.com/mavr/view/admin/acl.html on line 8 with message "Undefined variable: menu"
Mon, 10 Mar 2014 02:00:49 +0200
	Error: 8 in file /home/cubie/web/www/bibena.com/mavr/view/admin/acl.html on line 12 with message "Undefined variable: menu"
Mon, 10 Mar 2014 02:00:49 +0200
	Error: 8 in file /home/cubie/web/www/bibena.com/mavr/view/admin/acl.html on line 12 with message "Undefined variable: menu"
Mon, 10 Mar 2014 02:00:49 +0200
	Error: 8 in file /home/cubie/web/www/bibena.com/mavr/view/admin/acl.html on line 8 with message "Undefined variable: menu"
Mon, 10 Mar 2014 02:00:49 +0200
	Error: 8 in file /home/cubie/web/www/bibena.com/mavr/view/admin/acl.html on line 8 with message "Undefined variable: menu"
Mon, 10 Mar 2014 02:00:49 +0200
	Error: 8 in file /home/cubie/web/www/bibena.com/mavr/view/admin/acl.html on line 12 with message "Undefined variable: menu"
Mon, 10 Mar 2014 02:00:49 +0200
	Error: 8 in file /home/cubie/web/www/bibena.com/mavr/view/admin/acl.html on line 12 with message "Undefined variable: menu"
Mon, 10 Mar 2014 02:00:49 +0200
	Error: 8 in file /home/cubie/web/www/bibena.com/mavr/view/admin/acl.html on line 8 with message "Undefined variable: menu"
Mon, 10 Mar 2014 02:00:49 +0200
	Error: 8 in file /home/cubie/web/www/bibena.com/mavr/view/admin/acl.html on line 8 with message "Undefined variable: menu"
Mon, 10 Mar 2014 02:00:49 +0200
	Error: 8 in file /home/cubie/web/www/bibena.com/mavr/view/admin/acl.html on line 12 with message "Undefined variable: menu"
Mon, 10 Mar 2014 02:00:49 +0200
	Error: 8 in file /home/cubie/web/www/bibena.com/mavr/view/admin/acl.html on line 12 with message "Undefined variable: menu"
Mon, 10 Mar 2014 02:00:49 +0200
	Error: 8 in file /home/cubie/web/www/bibena.com/mavr/view/admin/acl.html on line 8 with message "Undefined variable: menu"
Mon, 10 Mar 2014 02:00:49 +0200
	Error: 8 in file /home/cubie/web/www/bibena.com/mavr/view/admin/acl.html on line 8 with message "Undefined variable: menu"
Mon, 10 Mar 2014 02:00:49 +0200
	Error: 8 in file /home/cubie/web/www/bibena.com/mavr/view/admin/acl.html on line 12 with message "Undefined variable: menu"
Mon, 10 Mar 2014 02:00:49 +0200
	Error: 8 in file /home/cubie/web/www/bibena.com/mavr/view/admin/acl.html on line 12 with message "Undefined variable: menu"
Mon, 10 Mar 2014 02:00:49 +0200
	Error: 8 in file /home/cubie/web/www/bibena.com/mavr/view/admin/acl.html on line 8 with message "Undefined variable: menu"
Mon, 10 Mar 2014 02:00:49 +0200
	Error: 8 in file /home/cubie/web/www/bibena.com/mavr/view/admin/acl.html on line 8 with message "Undefined variable: menu"
Mon, 10 Mar 2014 02:00:49 +0200
	Error: 8 in file /home/cubie/web/www/bibena.com/mavr/view/admin/acl.html on line 12 with message "Undefined variable: menu"
Mon, 10 Mar 2014 02:00:49 +0200
	Error: 8 in file /home/cubie/web/www/bibena.com/mavr/view/admin/acl.html on line 12 with message "Undefined variable: menu"
Mon, 10 Mar 2014 02:00:49 +0200
	Error: 8 in file /home/cubie/web/www/bibena.com/mavr/view/admin/acl.html on line 8 with message "Undefined variable: menu"
Mon, 10 Mar 2014 02:00:49 +0200
	Error: 8 in file /home/cubie/web/www/bibena.com/mavr/view/admin/acl.html on line 8 with message "Undefined variable: menu"
Mon, 10 Mar 2014 02:00:49 +0200
	Error: 8 in file /home/cubie/web/www/bibena.com/mavr/view/admin/acl.html on line 12 with message "Undefined variable: menu"
Mon, 10 Mar 2014 02:00:49 +0200
	Error: 8 in file /home/cubie/web/www/bibena.com/mavr/view/admin/acl.html on line 12 with message "Undefined variable: menu"
Mon, 10 Mar 2014 02:00:49 +0200
	Error: 8 in file /home/cubie/web/www/bibena.com/mavr/view/admin/acl.html on line 8 with message "Undefined variable: menu"
Mon, 10 Mar 2014 02:00:49 +0200
	Error: 8 in file /home/cubie/web/www/bibena.com/mavr/view/admin/acl.html on line 8 with message "Undefined variable: menu"
Mon, 10 Mar 2014 02:00:49 +0200
	Error: 8 in file /home/cubie/web/www/bibena.com/mavr/view/admin/acl.html on line 12 with message "Undefined variable: menu"
Mon, 10 Mar 2014 02:00:49 +0200
	Error: 8 in file /home/cubie/web/www/bibena.com/mavr/view/admin/acl.html on line 12 with message "Undefined variable: menu"
Mon, 10 Mar 2014 02:03:28 +0200
	Error: 8 in file /home/cubie/web/www/bibena.com/mavr/view/admin/acl.html on line 8 with message "Undefined variable: menu"
Mon, 10 Mar 2014 02:03:28 +0200
	Error: 8 in file /home/cubie/web/www/bibena.com/mavr/view/admin/acl.html on line 8 with message "Undefined variable: menu"
Mon, 10 Mar 2014 02:03:28 +0200
	Error: 8 in file /home/cubie/web/www/bibena.com/mavr/view/admin/acl.html on line 12 with message "Undefined variable: menu"
Mon, 10 Mar 2014 02:03:28 +0200
	Error: 8 in file /home/cubie/web/www/bibena.com/mavr/view/admin/acl.html on line 12 with message "Undefined variable: menu"
Mon, 10 Mar 2014 02:03:28 +0200
	Error: 8 in file /home/cubie/web/www/bibena.com/mavr/view/admin/acl.html on line 8 with message "Undefined variable: menu"
Mon, 10 Mar 2014 02:03:28 +0200
	Error: 8 in file /home/cubie/web/www/bibena.com/mavr/view/admin/acl.html on line 8 with message "Undefined variable: menu"
Mon, 10 Mar 2014 02:03:28 +0200
	Error: 8 in file /home/cubie/web/www/bibena.com/mavr/view/admin/acl.html on line 12 with message "Undefined variable: menu"
Mon, 10 Mar 2014 02:03:28 +0200
	Error: 8 in file /home/cubie/web/www/bibena.com/mavr/view/admin/acl.html on line 12 with message "Undefined variable: menu"
Mon, 10 Mar 2014 02:03:28 +0200
	Error: 8 in file /home/cubie/web/www/bibena.com/mavr/view/admin/acl.html on line 8 with message "Undefined variable: menu"
Mon, 10 Mar 2014 02:03:28 +0200
	Error: 8 in file /home/cubie/web/www/bibena.com/mavr/view/admin/acl.html on line 8 with message "Undefined variable: menu"
Mon, 10 Mar 2014 02:03:28 +0200
	Error: 8 in file /home/cubie/web/www/bibena.com/mavr/view/admin/acl.html on line 12 with message "Undefined variable: menu"
Mon, 10 Mar 2014 02:03:28 +0200
	Error: 8 in file /home/cubie/web/www/bibena.com/mavr/view/admin/acl.html on line 12 with message "Undefined variable: menu"
Mon, 10 Mar 2014 02:03:28 +0200
	Error: 8 in file /home/cubie/web/www/bibena.com/mavr/view/admin/acl.html on line 8 with message "Undefined variable: menu"
Mon, 10 Mar 2014 02:03:28 +0200
	Error: 8 in file /home/cubie/web/www/bibena.com/mavr/view/admin/acl.html on line 8 with message "Undefined variable: menu"
Mon, 10 Mar 2014 02:03:28 +0200
	Error: 8 in file /home/cubie/web/www/bibena.com/mavr/view/admin/acl.html on line 12 with message "Undefined variable: menu"
Mon, 10 Mar 2014 02:03:28 +0200
	Error: 8 in file /home/cubie/web/www/bibena.com/mavr/view/admin/acl.html on line 12 with message "Undefined variable: menu"
Mon, 10 Mar 2014 02:03:28 +0200
	Error: 8 in file /home/cubie/web/www/bibena.com/mavr/view/admin/acl.html on line 8 with message "Undefined variable: menu"
Mon, 10 Mar 2014 02:03:28 +0200
	Error: 8 in file /home/cubie/web/www/bibena.com/mavr/view/admin/acl.html on line 8 with message "Undefined variable: menu"
Mon, 10 Mar 2014 02:03:28 +0200
	Error: 8 in file /home/cubie/web/www/bibena.com/mavr/view/admin/acl.html on line 12 with message "Undefined variable: menu"
Mon, 10 Mar 2014 02:03:28 +0200
	Error: 8 in file /home/cubie/web/www/bibena.com/mavr/view/admin/acl.html on line 12 with message "Undefined variable: menu"
Mon, 10 Mar 2014 02:03:28 +0200
	Error: 8 in file /home/cubie/web/www/bibena.com/mavr/view/admin/acl.html on line 8 with message "Undefined variable: menu"
Mon, 10 Mar 2014 02:03:28 +0200
	Error: 8 in file /home/cubie/web/www/bibena.com/mavr/view/admin/acl.html on line 8 with message "Undefined variable: menu"
Mon, 10 Mar 2014 02:03:28 +0200
	Error: 8 in file /home/cubie/web/www/bibena.com/mavr/view/admin/acl.html on line 12 with message "Undefined variable: menu"
Mon, 10 Mar 2014 02:03:28 +0200
	Error: 8 in file /home/cubie/web/www/bibena.com/mavr/view/admin/acl.html on line 12 with message "Undefined variable: menu"
Mon, 10 Mar 2014 02:03:28 +0200
	Error: 8 in file /home/cubie/web/www/bibena.com/mavr/view/admin/acl.html on line 8 with message "Undefined variable: menu"
Mon, 10 Mar 2014 02:03:28 +0200
	Error: 8 in file /home/cubie/web/www/bibena.com/mavr/view/admin/acl.html on line 8 with message "Undefined variable: menu"
Mon, 10 Mar 2014 02:03:28 +0200
	Error: 8 in file /home/cubie/web/www/bibena.com/mavr/view/admin/acl.html on line 12 with message "Undefined variable: menu"
Mon, 10 Mar 2014 02:03:28 +0200
	Error: 8 in file /home/cubie/web/www/bibena.com/mavr/view/admin/acl.html on line 12 with message "Undefined variable: menu"
Mon, 10 Mar 2014 02:03:28 +0200
	Error: 8 in file /home/cubie/web/www/bibena.com/mavr/view/admin/acl.html on line 8 with message "Undefined variable: menu"
Mon, 10 Mar 2014 02:03:28 +0200
	Error: 8 in file /home/cubie/web/www/bibena.com/mavr/view/admin/acl.html on line 8 with message "Undefined variable: menu"
Mon, 10 Mar 2014 02:03:28 +0200
	Error: 8 in file /home/cubie/web/www/bibena.com/mavr/view/admin/acl.html on line 12 with message "Undefined variable: menu"
Mon, 10 Mar 2014 02:03:28 +0200
	Error: 8 in file /home/cubie/web/www/bibena.com/mavr/view/admin/acl.html on line 12 with message "Undefined variable: menu"
Mon, 10 Mar 2014 02:03:28 +0200
	Error: 8 in file /home/cubie/web/www/bibena.com/mavr/view/admin/acl.html on line 8 with message "Undefined variable: menu"
Mon, 10 Mar 2014 02:03:28 +0200
	Error: 8 in file /home/cubie/web/www/bibena.com/mavr/view/admin/acl.html on line 8 with message "Undefined variable: menu"
Mon, 10 Mar 2014 02:03:28 +0200
	Error: 8 in file /home/cubie/web/www/bibena.com/mavr/view/admin/acl.html on line 12 with message "Undefined variable: menu"
Mon, 10 Mar 2014 02:03:28 +0200
	Error: 8 in file /home/cubie/web/www/bibena.com/mavr/view/admin/acl.html on line 12 with message "Undefined variable: menu"
Mon, 10 Mar 2014 02:03:28 +0200
	Error: 8 in file /home/cubie/web/www/bibena.com/mavr/view/admin/acl.html on line 8 with message "Undefined variable: menu"
Mon, 10 Mar 2014 02:03:28 +0200
	Error: 8 in file /home/cubie/web/www/bibena.com/mavr/view/admin/acl.html on line 8 with message "Undefined variable: menu"
Mon, 10 Mar 2014 02:03:28 +0200
	Error: 8 in file /home/cubie/web/www/bibena.com/mavr/view/admin/acl.html on line 12 with message "Undefined variable: menu"
Mon, 10 Mar 2014 02:03:28 +0200
	Error: 8 in file /home/cubie/web/www/bibena.com/mavr/view/admin/acl.html on line 12 with message "Undefined variable: menu"
Mon, 10 Mar 2014 02:03:28 +0200
	Error: 8 in file /home/cubie/web/www/bibena.com/mavr/view/admin/acl.html on line 8 with message "Undefined variable: menu"
Mon, 10 Mar 2014 02:03:28 +0200
	Error: 8 in file /home/cubie/web/www/bibena.com/mavr/view/admin/acl.html on line 8 with message "Undefined variable: menu"
Mon, 10 Mar 2014 02:03:28 +0200
	Error: 8 in file /home/cubie/web/www/bibena.com/mavr/view/admin/acl.html on line 12 with message "Undefined variable: menu"
Mon, 10 Mar 2014 02:03:28 +0200
	Error: 8 in file /home/cubie/web/www/bibena.com/mavr/view/admin/acl.html on line 12 with message "Undefined variable: menu"
Mon, 10 Mar 2014 02:03:28 +0200
	Error: 8 in file /home/cubie/web/www/bibena.com/mavr/view/admin/acl.html on line 8 with message "Undefined variable: menu"
Mon, 10 Mar 2014 02:03:28 +0200
	Error: 8 in file /home/cubie/web/www/bibena.com/mavr/view/admin/acl.html on line 8 with message "Undefined variable: menu"
Mon, 10 Mar 2014 02:03:28 +0200
	Error: 8 in file /home/cubie/web/www/bibena.com/mavr/view/admin/acl.html on line 12 with message "Undefined variable: menu"
Mon, 10 Mar 2014 02:03:28 +0200
	Error: 8 in file /home/cubie/web/www/bibena.com/mavr/view/admin/acl.html on line 12 with message "Undefined variable: menu"
Mon, 10 Mar 2014 02:03:28 +0200
	Error: 8 in file /home/cubie/web/www/bibena.com/mavr/view/admin/acl.html on line 8 with message "Undefined variable: menu"
Mon, 10 Mar 2014 02:03:28 +0200
	Error: 8 in file /home/cubie/web/www/bibena.com/mavr/view/admin/acl.html on line 8 with message "Undefined variable: menu"
Mon, 10 Mar 2014 02:03:28 +0200
	Error: 8 in file /home/cubie/web/www/bibena.com/mavr/view/admin/acl.html on line 12 with message "Undefined variable: menu"
Mon, 10 Mar 2014 02:03:28 +0200
	Error: 8 in file /home/cubie/web/www/bibena.com/mavr/view/admin/acl.html on line 12 with message "Undefined variable: menu"
Mon, 10 Mar 2014 02:03:28 +0200
	Error: 8 in file /home/cubie/web/www/bibena.com/mavr/view/admin/acl.html on line 8 with message "Undefined variable: menu"
Mon, 10 Mar 2014 02:03:28 +0200
	Error: 8 in file /home/cubie/web/www/bibena.com/mavr/view/admin/acl.html on line 8 with message "Undefined variable: menu"
Mon, 10 Mar 2014 02:03:28 +0200
	Error: 8 in file /home/cubie/web/www/bibena.com/mavr/view/admin/acl.html on line 12 with message "Undefined variable: menu"
Mon, 10 Mar 2014 02:03:28 +0200
	Error: 8 in file /home/cubie/web/www/bibena.com/mavr/view/admin/acl.html on line 12 with message "Undefined variable: menu"
Mon, 10 Mar 2014 02:03:28 +0200
	Error: 8 in file /home/cubie/web/www/bibena.com/mavr/view/admin/acl.html on line 8 with message "Undefined variable: menu"
Mon, 10 Mar 2014 02:03:28 +0200
	Error: 8 in file /home/cubie/web/www/bibena.com/mavr/view/admin/acl.html on line 8 with message "Undefined variable: menu"
Mon, 10 Mar 2014 02:03:28 +0200
	Error: 8 in file /home/cubie/web/www/bibena.com/mavr/view/admin/acl.html on line 12 with message "Undefined variable: menu"
Mon, 10 Mar 2014 02:03:28 +0200
	Error: 8 in file /home/cubie/web/www/bibena.com/mavr/view/admin/acl.html on line 12 with message "Undefined variable: menu"
Mon, 10 Mar 2014 02:03:28 +0200
	Error: 8 in file /home/cubie/web/www/bibena.com/mavr/view/admin/acl.html on line 8 with message "Undefined variable: menu"
Mon, 10 Mar 2014 02:03:28 +0200
	Error: 8 in file /home/cubie/web/www/bibena.com/mavr/view/admin/acl.html on line 8 with message "Undefined variable: menu"
Mon, 10 Mar 2014 02:03:28 +0200
	Error: 8 in file /home/cubie/web/www/bibena.com/mavr/view/admin/acl.html on line 12 with message "Undefined variable: menu"
Mon, 10 Mar 2014 02:03:28 +0200
	Error: 8 in file /home/cubie/web/www/bibena.com/mavr/view/admin/acl.html on line 12 with message "Undefined variable: menu"
Mon, 10 Mar 2014 02:03:28 +0200
	Error: 8 in file /home/cubie/web/www/bibena.com/mavr/view/admin/acl.html on line 8 with message "Undefined variable: menu"
Mon, 10 Mar 2014 02:03:28 +0200
	Error: 8 in file /home/cubie/web/www/bibena.com/mavr/view/admin/acl.html on line 8 with message "Undefined variable: menu"
Mon, 10 Mar 2014 02:03:28 +0200
	Error: 8 in file /home/cubie/web/www/bibena.com/mavr/view/admin/acl.html on line 12 with message "Undefined variable: menu"
Mon, 10 Mar 2014 02:03:28 +0200
	Error: 8 in file /home/cubie/web/www/bibena.com/mavr/view/admin/acl.html on line 12 with message "Undefined variable: menu"
Mon, 10 Mar 2014 02:03:28 +0200
	Error: 8 in file /home/cubie/web/www/bibena.com/mavr/model/admin/admin.php on line 164 with message "Undefined index: id"
Mon, 10 Mar 2014 02:03:28 +0200
	Error: 8 in file /home/cubie/web/www/bibena.com/mavr/view/admin/acl.html on line 8 with message "Undefined variable: menu"
Mon, 10 Mar 2014 02:03:28 +0200
	Error: 8 in file /home/cubie/web/www/bibena.com/mavr/view/admin/acl.html on line 8 with message "Undefined variable: menu"
Mon, 10 Mar 2014 02:03:28 +0200
	Error: 8 in file /home/cubie/web/www/bibena.com/mavr/view/admin/acl.html on line 12 with message "Undefined variable: menu"
Mon, 10 Mar 2014 02:03:28 +0200
	Error: 8 in file /home/cubie/web/www/bibena.com/mavr/view/admin/acl.html on line 12 with message "Undefined variable: menu"
Mon, 10 Mar 2014 02:03:28 +0200
	Error: 8 in file /home/cubie/web/www/bibena.com/mavr/view/admin/acl.html on line 8 with message "Undefined variable: menu"
Mon, 10 Mar 2014 02:03:28 +0200
	Error: 8 in file /home/cubie/web/www/bibena.com/mavr/view/admin/acl.html on line 8 with message "Undefined variable: menu"
Mon, 10 Mar 2014 02:03:28 +0200
	Error: 8 in file /home/cubie/web/www/bibena.com/mavr/view/admin/acl.html on line 12 with message "Undefined variable: menu"
Mon, 10 Mar 2014 02:03:28 +0200
	Error: 8 in file /home/cubie/web/www/bibena.com/mavr/view/admin/acl.html on line 12 with message "Undefined variable: menu"
Mon, 10 Mar 2014 02:03:28 +0200
	Error: 8 in file /home/cubie/web/www/bibena.com/mavr/view/admin/acl.html on line 8 with message "Undefined variable: menu"
Mon, 10 Mar 2014 02:03:28 +0200
	Error: 8 in file /home/cubie/web/www/bibena.com/mavr/view/admin/acl.html on line 8 with message "Undefined variable: menu"
Mon, 10 Mar 2014 02:03:28 +0200
	Error: 8 in file /home/cubie/web/www/bibena.com/mavr/view/admin/acl.html on line 12 with message "Undefined variable: menu"
Mon, 10 Mar 2014 02:03:28 +0200
	Error: 8 in file /home/cubie/web/www/bibena.com/mavr/view/admin/acl.html on line 12 with message "Undefined variable: menu"
Mon, 10 Mar 2014 02:03:28 +0200
	Error: 8 in file /home/cubie/web/www/bibena.com/mavr/view/admin/acl.html on line 8 with message "Undefined variable: menu"
Mon, 10 Mar 2014 02:03:28 +0200
	Error: 8 in file /home/cubie/web/www/bibena.com/mavr/view/admin/acl.html on line 8 with message "Undefined variable: menu"
Mon, 10 Mar 2014 02:03:28 +0200
	Error: 8 in file /home/cubie/web/www/bibena.com/mavr/view/admin/acl.html on line 12 with message "Undefined variable: menu"
Mon, 10 Mar 2014 02:03:28 +0200
	Error: 8 in file /home/cubie/web/www/bibena.com/mavr/view/admin/acl.html on line 12 with message "Undefined variable: menu"
Mon, 10 Mar 2014 02:03:28 +0200
	Error: 8 in file /home/cubie/web/www/bibena.com/mavr/view/admin/acl.html on line 8 with message "Undefined variable: menu"
Mon, 10 Mar 2014 02:03:28 +0200
	Error: 8 in file /home/cubie/web/www/bibena.com/mavr/view/admin/acl.html on line 8 with message "Undefined variable: menu"
Mon, 10 Mar 2014 02:03:28 +0200
	Error: 8 in file /home/cubie/web/www/bibena.com/mavr/view/admin/acl.html on line 12 with message "Undefined variable: menu"
Mon, 10 Mar 2014 02:03:28 +0200
	Error: 8 in file /home/cubie/web/www/bibena.com/mavr/view/admin/acl.html on line 12 with message "Undefined variable: menu"
Mon, 10 Mar 2014 02:03:28 +0200
	Error: 8 in file /home/cubie/web/www/bibena.com/mavr/view/admin/acl.html on line 8 with message "Undefined variable: menu"
Mon, 10 Mar 2014 02:03:28 +0200
	Error: 8 in file /home/cubie/web/www/bibena.com/mavr/view/admin/acl.html on line 8 with message "Undefined variable: menu"
Mon, 10 Mar 2014 02:03:28 +0200
	Error: 8 in file /home/cubie/web/www/bibena.com/mavr/view/admin/acl.html on line 12 with message "Undefined variable: menu"
Mon, 10 Mar 2014 02:03:28 +0200
	Error: 8 in file /home/cubie/web/www/bibena.com/mavr/view/admin/acl.html on line 12 with message "Undefined variable: menu"
Mon, 10 Mar 2014 02:03:28 +0200
	Error: 8 in file /home/cubie/web/www/bibena.com/mavr/view/admin/acl.html on line 8 with message "Undefined variable: menu"
Mon, 10 Mar 2014 02:03:28 +0200
	Error: 8 in file /home/cubie/web/www/bibena.com/mavr/view/admin/acl.html on line 8 with message "Undefined variable: menu"
Mon, 10 Mar 2014 02:03:28 +0200
	Error: 8 in file /home/cubie/web/www/bibena.com/mavr/view/admin/acl.html on line 12 with message "Undefined variable: menu"
Mon, 10 Mar 2014 02:03:28 +0200
	Error: 8 in file /home/cubie/web/www/bibena.com/mavr/view/admin/acl.html on line 12 with message "Undefined variable: menu"
Mon, 10 Mar 2014 02:03:28 +0200
	Error: 8 in file /home/cubie/web/www/bibena.com/mavr/view/admin/acl.html on line 8 with message "Undefined variable: menu"
Mon, 10 Mar 2014 02:03:28 +0200
	Error: 8 in file /home/cubie/web/www/bibena.com/mavr/view/admin/acl.html on line 8 with message "Undefined variable: menu"
Mon, 10 Mar 2014 02:03:28 +0200
	Error: 8 in file /home/cubie/web/www/bibena.com/mavr/view/admin/acl.html on line 12 with message "Undefined variable: menu"
Mon, 10 Mar 2014 02:03:28 +0200
	Error: 8 in file /home/cubie/web/www/bibena.com/mavr/view/admin/acl.html on line 12 with message "Undefined variable: menu"
Mon, 10 Mar 2014 02:03:28 +0200
	Error: 8 in file /home/cubie/web/www/bibena.com/mavr/view/admin/acl.html on line 8 with message "Undefined variable: menu"
Mon, 10 Mar 2014 02:03:28 +0200
	Error: 8 in file /home/cubie/web/www/bibena.com/mavr/view/admin/acl.html on line 8 with message "Undefined variable: menu"
Mon, 10 Mar 2014 02:03:28 +0200
	Error: 8 in file /home/cubie/web/www/bibena.com/mavr/view/admin/acl.html on line 12 with message "Undefined variable: menu"
Mon, 10 Mar 2014 02:03:28 +0200
	Error: 8 in file /home/cubie/web/www/bibena.com/mavr/view/admin/acl.html on line 12 with message "Undefined variable: menu"
Mon, 10 Mar 2014 02:03:28 +0200
	Error: 8 in file /home/cubie/web/www/bibena.com/mavr/view/admin/acl.html on line 8 with message "Undefined variable: menu"
Mon, 10 Mar 2014 02:03:28 +0200
	Error: 8 in file /home/cubie/web/www/bibena.com/mavr/view/admin/acl.html on line 8 with message "Undefined variable: menu"
Mon, 10 Mar 2014 02:03:28 +0200
	Error: 8 in file /home/cubie/web/www/bibena.com/mavr/view/admin/acl.html on line 12 with message "Undefined variable: menu"
Mon, 10 Mar 2014 02:03:28 +0200
	Error: 8 in file /home/cubie/web/www/bibena.com/mavr/view/admin/acl.html on line 12 with message "Undefined variable: menu"
Mon, 10 Mar 2014 02:03:28 +0200
	Error: 8 in file /home/cubie/web/www/bibena.com/mavr/view/admin/acl.html on line 8 with message "Undefined variable: menu"
Mon, 10 Mar 2014 02:03:28 +0200
	Error: 8 in file /home/cubie/web/www/bibena.com/mavr/view/admin/acl.html on line 8 with message "Undefined variable: menu"
Mon, 10 Mar 2014 02:03:28 +0200
	Error: 8 in file /home/cubie/web/www/bibena.com/mavr/view/admin/acl.html on line 12 with message "Undefined variable: menu"
Mon, 10 Mar 2014 02:03:28 +0200
	Error: 8 in file /home/cubie/web/www/bibena.com/mavr/view/admin/acl.html on line 12 with message "Undefined variable: menu"
Mon, 10 Mar 2014 02:03:28 +0200
	Error: 8 in file /home/cubie/web/www/bibena.com/mavr/view/admin/acl.html on line 8 with message "Undefined variable: menu"
Mon, 10 Mar 2014 02:03:28 +0200
	Error: 8 in file /home/cubie/web/www/bibena.com/mavr/view/admin/acl.html on line 8 with message "Undefined variable: menu"
Mon, 10 Mar 2014 02:03:28 +0200
	Error: 8 in file /home/cubie/web/www/bibena.com/mavr/view/admin/acl.html on line 12 with message "Undefined variable: menu"
Mon, 10 Mar 2014 02:03:28 +0200
	Error: 8 in file /home/cubie/web/www/bibena.com/mavr/view/admin/acl.html on line 12 with message "Undefined variable: menu"
Mon, 10 Mar 2014 02:03:28 +0200
	Error: 8 in file /home/cubie/web/www/bibena.com/mavr/view/admin/acl.html on line 8 with message "Undefined variable: menu"
Mon, 10 Mar 2014 02:03:28 +0200
	Error: 8 in file /home/cubie/web/www/bibena.com/mavr/view/admin/acl.html on line 8 with message "Undefined variable: menu"
Mon, 10 Mar 2014 02:03:28 +0200
	Error: 8 in file /home/cubie/web/www/bibena.com/mavr/view/admin/acl.html on line 12 with message "Undefined variable: menu"
Mon, 10 Mar 2014 02:03:28 +0200
	Error: 8 in file /home/cubie/web/www/bibena.com/mavr/view/admin/acl.html on line 12 with message "Undefined variable: menu"
Mon, 10 Mar 2014 02:03:28 +0200
	Error: 8 in file /home/cubie/web/www/bibena.com/mavr/view/admin/acl.html on line 8 with message "Undefined variable: menu"
Mon, 10 Mar 2014 02:03:28 +0200
	Error: 8 in file /home/cubie/web/www/bibena.com/mavr/view/admin/acl.html on line 8 with message "Undefined variable: menu"
Mon, 10 Mar 2014 02:03:28 +0200
	Error: 8 in file /home/cubie/web/www/bibena.com/mavr/view/admin/acl.html on line 12 with message "Undefined variable: menu"
Mon, 10 Mar 2014 02:03:28 +0200
	Error: 8 in file /home/cubie/web/www/bibena.com/mavr/view/admin/acl.html on line 12 with message "Undefined variable: menu"
Mon, 10 Mar 2014 02:03:28 +0200
	Error: 8 in file /home/cubie/web/www/bibena.com/mavr/view/admin/acl.html on line 8 with message "Undefined variable: menu"
Mon, 10 Mar 2014 02:03:28 +0200
	Error: 8 in file /home/cubie/web/www/bibena.com/mavr/view/admin/acl.html on line 8 with message "Undefined variable: menu"
Mon, 10 Mar 2014 02:03:28 +0200
	Error: 8 in file /home/cubie/web/www/bibena.com/mavr/view/admin/acl.html on line 12 with message "Undefined variable: menu"
Mon, 10 Mar 2014 02:03:28 +0200
	Error: 8 in file /home/cubie/web/www/bibena.com/mavr/view/admin/acl.html on line 12 with message "Undefined variable: menu"
Mon, 10 Mar 2014 02:03:28 +0200
	Error: 8 in file /home/cubie/web/www/bibena.com/mavr/view/admin/acl.html on line 8 with message "Undefined variable: menu"
Mon, 10 Mar 2014 02:03:28 +0200
	Error: 8 in file /home/cubie/web/www/bibena.com/mavr/view/admin/acl.html on line 8 with message "Undefined variable: menu"
Mon, 10 Mar 2014 02:03:28 +0200
	Error: 8 in file /home/cubie/web/www/bibena.com/mavr/view/admin/acl.html on line 12 with message "Undefined variable: menu"
Mon, 10 Mar 2014 02:03:28 +0200
	Error: 8 in file /home/cubie/web/www/bibena.com/mavr/view/admin/acl.html on line 12 with message "Undefined variable: menu"
Mon, 10 Mar 2014 02:03:28 +0200
	Error: 8 in file /home/cubie/web/www/bibena.com/mavr/view/admin/acl.html on line 8 with message "Undefined variable: menu"
Mon, 10 Mar 2014 02:03:28 +0200
	Error: 8 in file /home/cubie/web/www/bibena.com/mavr/view/admin/acl.html on line 8 with message "Undefined variable: menu"
Mon, 10 Mar 2014 02:03:28 +0200
	Error: 8 in file /home/cubie/web/www/bibena.com/mavr/view/admin/acl.html on line 12 with message "Undefined variable: menu"
Mon, 10 Mar 2014 02:03:28 +0200
	Error: 8 in file /home/cubie/web/www/bibena.com/mavr/view/admin/acl.html on line 12 with message "Undefined variable: menu"
